
ROM used: 80 (0%)
          80 (0%) including unused fragments

          0 Average locations per line
          40 Average locations per statement

RAM used: 5 (0%) at main() level
          6 (0%) worst case

Stack used: 1 worst case (out of 31 total available)

Lines Stmts  %   Files
----- ----- ---  -----
   12     2 100  Encendido de un led.c
  457     0   0  ..\..\..\..\..\Program Files (x86)\PICC\devices\18f4620.h
----- -----
  469     2 Total

Page ROM  %  RAM   Vol Diff  Functions:
---- --- --- ---   --- ----  ----------
0     40  25   1             @delay_ms1
0     36  22   0    32  1.0  main

Program metrics:
    Functions               1
    Statements              2
    Comments                104
    Volume (V)              33
    Difficilty (D)          0.9
    Effort to implement (E) 28
    Time to implement (T)   0 minutes
    Est Delivered Bugs (B)  0
    Cyclomatic Complexity   1
    Maintainability (MI)    137

 Segment     Used  Free
-----------  ----  ----
00000-00002     4  0  
00004-0FFFE    76  65456  



